<?xml version="1.0" encoding="UTF-8"?>
<testsuite name="com.service_kluch.ChatServiceTest" tests="10" skipped="0" failures="0" errors="0" timestamp="2022-04-05T09:42:39" hostname="DESING" time="0.19">
  <properties/>
  <testcase name="chatService_createMessage" classname="com.service_kluch.ChatServiceTest" time="0.122"/>
  <testcase name="chatService_MessageNotFoundException" classname="com.service_kluch.ChatServiceTest" time="0.0"/>
  <testcase name="chatService_readChatByMessageId" classname="com.service_kluch.ChatServiceTest" time="0.001"/>
  <testcase name="chatService_readChatByMessageCount" classname="com.service_kluch.ChatServiceTest" time="0.03"/>
  <testcase name="chatService_deleteMessage" classname="com.service_kluch.ChatServiceTest" time="0.0"/>
  <testcase name="chatService_editMessage" classname="com.service_kluch.ChatServiceTest" time="0.001"/>
  <testcase name="chatService_deleteChat" classname="com.service_kluch.ChatServiceTest" time="0.034"/>
  <testcase name="chatService_readChatById" classname="com.service_kluch.ChatServiceTest" time="0.001"/>
  <testcase name="chatService_deleteLastMessage" classname="com.service_kluch.ChatServiceTest" time="0.0"/>
  <testcase name="chatService_ChatNotFoundException" classname="com.service_kluch.ChatServiceTest" time="0.0"/>
  <system-out><![CDATA[]]></system-out>
  <system-err><![CDATA[]]></system-err>
</testsuite>
